\BOOKMARK [1][-]{section.1}{Asignaci\363n \043 2 de Elementos Finitos Aplicados a la Mec\341nica de S\363lidos}{}% 1
\BOOKMARK [2][-]{subsection.1.1}{1. Introducci\363n}{section.1}% 2
\BOOKMARK [2][-]{subsection.1.2}{2. El Problema}{section.1}% 3
\BOOKMARK [2][-]{subsection.1.3}{3. Datos}{section.1}% 4
\BOOKMARK [2][-]{subsection.1.4}{4. Soluci\363n}{section.1}% 5
\BOOKMARK [2][-]{subsection.1.5}{Fuerza distribuida}{section.1}% 6
\BOOKMARK [2][-]{subsection.1.6}{Se importan las librer\355as a utilizar}{section.1}% 7
\BOOKMARK [2][-]{subsection.1.7}{Calculamos el \341rea}{section.1}% 8
\BOOKMARK [2][-]{subsection.1.8}{La fuerza equivalente producida por la fuerza distribuida}{section.1}% 9
\BOOKMARK [2][-]{subsection.1.9}{La suma de las longitudes de las vigas}{section.1}% 10
\BOOKMARK [2][-]{subsection.1.10}{Valor de la fuerza distribuida sobre las vigas}{section.1}% 11
\BOOKMARK [2][-]{subsection.1.11}{Coordenadas nodales}{section.1}% 12
\BOOKMARK [2][-]{subsection.1.12}{Tabla de conectividad}{section.1}% 13
\BOOKMARK [2][-]{subsection.1.13}{Cosenos directores y longitud de elemento}{section.1}% 14
\BOOKMARK [2][-]{subsection.1.14}{Matriz de rigidez del elemento}{section.1}% 15
\BOOKMARK [2][-]{subsection.1.15}{Primer elemento}{section.1}% 16
\BOOKMARK [3][-]{subsubsection.1.15.1}{Segundo elemento}{subsection.1.15}% 17
\BOOKMARK [3][-]{subsubsection.1.15.2}{Tercer elemento}{subsection.1.15}% 18
\BOOKMARK [3][-]{subsubsection.1.15.3}{Cuarto elemento}{subsection.1.15}% 19
\BOOKMARK [3][-]{subsubsection.1.15.4}{Quinto elemento}{subsection.1.15}% 20
\BOOKMARK [3][-]{subsubsection.1.15.5}{Sexto elemento}{subsection.1.15}% 21
\BOOKMARK [2][-]{subsection.1.16}{S\351ptimo elemento}{section.1}% 22
\BOOKMARK [3][-]{subsubsection.1.16.1}{Octavo elemento}{subsection.1.16}% 23
\BOOKMARK [2][-]{subsection.1.17}{Matriz de transformaci\363n L}{section.1}% 24
\BOOKMARK [3][-]{subsubsection.1.17.1}{Primer elemento}{subsection.1.17}% 25
\BOOKMARK [3][-]{subsubsection.1.17.2}{Segundo Elemento}{subsection.1.17}% 26
\BOOKMARK [3][-]{subsubsection.1.17.3}{Tercer elemento}{subsection.1.17}% 27
\BOOKMARK [3][-]{subsubsection.1.17.4}{Cuarto elemento}{subsection.1.17}% 28
\BOOKMARK [3][-]{subsubsection.1.17.5}{Quinto elemento}{subsection.1.17}% 29
\BOOKMARK [3][-]{subsubsection.1.17.6}{Sexto elemento}{subsection.1.17}% 30
\BOOKMARK [3][-]{subsubsection.1.17.7}{S\351ptimo elemento}{subsection.1.17}% 31
\BOOKMARK [3][-]{subsubsection.1.17.8}{Octavo elemento}{subsection.1.17}% 32
\BOOKMARK [2][-]{subsection.1.18}{Grados de libertad por cada nodo}{section.1}% 33
\BOOKMARK [2][-]{subsection.1.19}{Matriz de rigidez del elemento en coordenadas globales}{section.1}% 34
\BOOKMARK [3][-]{subsubsection.1.19.1}{Primer elemento}{subsection.1.19}% 35
\BOOKMARK [3][-]{subsubsection.1.19.2}{Segundo elemento}{subsection.1.19}% 36
\BOOKMARK [3][-]{subsubsection.1.19.3}{Tercer elemento}{subsection.1.19}% 37
\BOOKMARK [3][-]{subsubsection.1.19.4}{Cuarto elemento}{subsection.1.19}% 38
\BOOKMARK [3][-]{subsubsection.1.19.5}{Quinto elemento}{subsection.1.19}% 39
\BOOKMARK [3][-]{subsubsection.1.19.6}{Sexto elemento}{subsection.1.19}% 40
\BOOKMARK [3][-]{subsubsection.1.19.7}{S\351ptimo elemento}{subsection.1.19}% 41
\BOOKMARK [3][-]{subsubsection.1.19.8}{Octavo elemento}{subsection.1.19}% 42
\BOOKMARK [2][-]{subsection.1.20}{Matriz de rigidez global}{section.1}% 43
\BOOKMARK [2][-]{subsection.1.21}{Restricciones}{section.1}% 44
\BOOKMARK [2][-]{subsection.1.22}{Cargas}{section.1}% 45
\BOOKMARK [2][-]{subsection.1.23}{Obtenci\363n de los desplazamientos}{section.1}% 46
\BOOKMARK [2][-]{subsection.1.24}{Momentos flectores}{section.1}% 47
\BOOKMARK [2][-]{subsection.1.25}{Momento flector en las vigas}{section.1}% 48
\BOOKMARK [3][-]{subsubsection.1.25.1}{Vigas de 10 [in]}{subsection.1.25}% 49
\BOOKMARK [3][-]{subsubsection.1.25.2}{Vigas de 15 [in]}{subsection.1.25}% 50
\BOOKMARK [2][-]{subsection.1.26}{Uso del programa en Fortran FRAME3D.FOR \(Chandrupatla y Belegundu\)}{section.1}% 51
\BOOKMARK [3][-]{subsubsection.1.26.1}{Archivo de entrada input.dat}{subsection.1.26}% 52
\BOOKMARK [3][-]{subsubsection.1.26.2}{Archivo de salida output.dat}{subsection.1.26}% 53
